[07-11-2025 19:15:24] [INFO] Client ready! Signed in as GitCord#9326!
[07-11-2025 19:15:24] [INFO] API running at http://localhost:3144
[07-11-2025 19:15:56] [INFO] Client ready! Signed in as GitCord#9326!
[07-11-2025 19:15:56] [INFO] API running at http://localhost:3144
[07-11-2025 19:16:23] [INFO] Client ready! Signed in as GitCord#9326!
[07-11-2025 19:16:23] [INFO] API running at http://localhost:3144
[07-11-2025 19:23:47] [INFO] Client ready! Signed in as GitCord#9326!
[07-11-2025 19:23:47] [INFO] API running at http://localhost:3144
[07-11-2025 19:24:01] [INFO] Successfully prepared commands for module: Issues
[07-11-2025 19:24:01] [INFO] Successfully synced commands for guild: 1415608949121613906
[07-11-2025 19:40:08] [INFO] Client ready! Signed in as GitCord#9326!
[07-11-2025 19:40:08] [INFO] API running at http://localhost:3144
[10-11-2025 12:49:45] [INFO] Client ready! Signed in as GitCord#9326!
[10-11-2025 12:49:45] [INFO] API running at http://localhost:3144
[10-11-2025 12:50:43] [INFO] Loading module: BugReports
[10-11-2025 12:50:43] [INFO] Loaded module "BugReports": src\modules\BugReports
[10-11-2025 12:50:43] [INFO] Loading module: BugReports
[10-11-2025 12:50:43] [INFO] Loaded module "BugReports": src\modules\BugReports
[10-11-2025 12:50:43] [INFO] Client ready! Signed in as GitCord#9326!
[10-11-2025 12:50:43] [INFO] API running at http://localhost:3144
[10-11-2025 12:51:25] [INFO] Loading module: BugReports
[10-11-2025 12:51:25] [INFO] Loaded module "BugReports": src\modules\BugReports
[10-11-2025 12:51:25] [INFO] Loading module: BugReports
[10-11-2025 12:51:25] [INFO] Loaded module "BugReports": src\modules\BugReports
[10-11-2025 12:51:25] [INFO] Client ready! Signed in as GitCord#9326!
[10-11-2025 12:51:25] [INFO] API running at http://localhost:3144
[10-11-2025 12:53:07] [INFO] Loading module: BugReports
[10-11-2025 12:53:07] [INFO] Loaded module "BugReports": src\modules\BugReports
[10-11-2025 12:53:07] [INFO] Loading module: BugReports
[10-11-2025 12:53:07] [INFO] Loaded module "BugReports": src\modules\BugReports
[10-11-2025 12:53:07] [INFO] Client ready! Signed in as GitCord#9326!
[10-11-2025 12:53:07] [INFO] API running at http://localhost:3144
[10-11-2025 12:54:28] [INFO] Loading module: BugReports
[10-11-2025 12:54:28] [INFO] Loaded module "BugReports": src\modules\BugReports
[10-11-2025 12:54:28] [INFO] Loading module: BugReports
[10-11-2025 12:54:28] [INFO] Loaded module "BugReports": src\modules\BugReports
[10-11-2025 12:54:28] [INFO] Client ready! Signed in as GitCord#9326!
[10-11-2025 12:54:28] [INFO] API running at http://localhost:3144
[10-11-2025 12:54:30] [INFO] Loading module: BugReports
[10-11-2025 12:54:30] [INFO] Loaded module "BugReports": src\modules\BugReports
[10-11-2025 12:54:30] [INFO] Loading module: BugReports
[10-11-2025 12:54:30] [INFO] Loaded module "BugReports": src\modules\BugReports
[10-11-2025 12:54:30] [INFO] Client ready! Signed in as GitCord#9326!
[10-11-2025 12:54:30] [INFO] API running at http://localhost:3144
[10-11-2025 12:54:40] [INFO] Loading module: BugReports
[10-11-2025 12:54:40] [INFO] Loaded module "BugReports": src\modules\BugReports
[10-11-2025 12:54:40] [INFO] Loading module: BugReports
[10-11-2025 12:54:40] [INFO] Loaded module "BugReports": src\modules\BugReports
[10-11-2025 12:54:40] [INFO] Client ready! Signed in as GitCord#9326!
[10-11-2025 12:54:40] [INFO] API running at http://localhost:3144
[10-11-2025 12:54:42] [INFO] Loading module: BugReports
[10-11-2025 12:54:42] [INFO] Loaded module "BugReports": src\modules\BugReports
[10-11-2025 12:54:42] [INFO] Loading module: BugReports
[10-11-2025 12:54:42] [INFO] Loaded module "BugReports": src\modules\BugReports
[10-11-2025 12:54:42] [INFO] Client ready! Signed in as GitCord#9326!
[10-11-2025 12:54:42] [INFO] API running at http://localhost:3144
[10-11-2025 12:54:47] [INFO] Loading module: BugReports
[10-11-2025 12:54:47] [INFO] Loaded module "BugReports": src\modules\BugReports
[10-11-2025 12:54:47] [INFO] Loading module: BugReports
[10-11-2025 12:54:47] [INFO] Loaded module "BugReports": src\modules\BugReports
[10-11-2025 12:54:47] [INFO] Client ready! Signed in as GitCord#9326!
[10-11-2025 12:54:47] [INFO] API running at http://localhost:3144
[10-11-2025 12:55:01] [INFO] Loading module: BugReports
[10-11-2025 12:55:01] [INFO] Loaded module "BugReports": src\modules\BugReports
[10-11-2025 12:55:01] [INFO] Loading module: BugReports
[10-11-2025 12:55:01] [INFO] API running at http://localhost:3144
[10-11-2025 12:55:14] [INFO] Loading module: BugReports
[10-11-2025 12:55:14] [INFO] Loaded module "BugReports": src\modules\BugReports
[10-11-2025 12:55:14] [INFO] Loading module: BugReports
[10-11-2025 12:55:14] [INFO] API running at http://localhost:3144
[10-11-2025 12:55:59] [INFO] Loading module: BugReports
[10-11-2025 12:55:59] [INFO] Loaded module "BugReports": src\modules\BugReports
[10-11-2025 12:55:59] [INFO] Loading module: BugReports
[10-11-2025 12:55:59] [INFO] API running at http://localhost:3144
[10-11-2025 12:56:01] [INFO] Loading module: BugReports
[10-11-2025 12:56:01] [INFO] Loaded module "BugReports": src\modules\BugReports
[10-11-2025 12:56:01] [INFO] Loading module: BugReports
[10-11-2025 12:56:01] [INFO] API running at http://localhost:3144
[10-11-2025 12:56:05] [INFO] Loading module: BugReports
[10-11-2025 12:56:05] [INFO] Loaded module "BugReports": src\modules\BugReports
[10-11-2025 12:56:05] [INFO] Loading module: BugReports
[10-11-2025 12:56:05] [INFO] API running at http://localhost:3144
[10-11-2025 12:56:12] [INFO] Loading module: BugReports
[10-11-2025 12:56:12] [INFO] Loaded module "BugReports": src\modules\BugReports
[10-11-2025 12:56:12] [INFO] Loading module: BugReports
[10-11-2025 12:56:12] [INFO] Loaded module "BugReports": src\modules\BugReports
[10-11-2025 12:56:12] [INFO] Client ready! Signed in as GitCord#9326!
[10-11-2025 12:56:12] [INFO] API running at http://localhost:3144
[10-11-2025 12:56:23] [INFO] Loading module: BugReports
[10-11-2025 12:56:23] [INFO] Loaded module "BugReports": src\modules\BugReports
[10-11-2025 12:56:23] [INFO] Loading module: BugReports
[10-11-2025 12:56:23] [INFO] Loaded module "BugReports": src\modules\BugReports
[10-11-2025 12:56:23] [INFO] Client ready! Signed in as GitCord#9326!
[10-11-2025 12:56:23] [INFO] API running at http://localhost:3144
[10-11-2025 12:57:15] [INFO] Loading module: BugReports
[10-11-2025 12:57:15] [INFO] Loaded module "BugReports": src\modules\BugReports
[10-11-2025 12:57:15] [INFO] Loading module: BugReports
[10-11-2025 12:57:15] [INFO] Loaded module "BugReports": src\modules\BugReports
[10-11-2025 12:57:15] [INFO] Client ready! Signed in as GitCord#9326!
[10-11-2025 12:57:15] [INFO] API running at http://localhost:3144
[10-11-2025 12:58:40] [INFO] Loading module: BugReports
[10-11-2025 12:58:40] [INFO] Loaded module "BugReports": src\modules\BugReports
[10-11-2025 12:58:40] [INFO] Loading module: BugReports
[10-11-2025 12:58:40] [INFO] Loaded module "BugReports": src\modules\BugReports
[10-11-2025 12:58:40] [INFO] Client ready! Signed in as GitCord#9326!
[10-11-2025 12:58:40] [INFO] API running at http://localhost:3144
[10-11-2025 12:59:26] [INFO] Loading module: BugReports
[10-11-2025 12:59:26] [INFO] Loaded module "BugReports": src\modules\BugReports
[10-11-2025 12:59:26] [INFO] Loading module: BugReports
[10-11-2025 12:59:26] [INFO] API running at http://localhost:3144
[10-11-2025 12:59:26] [INFO] Loaded module "BugReports": src\modules\BugReports
[10-11-2025 12:59:26] [INFO] Client ready! Signed in as GitCord#9326!
[10-11-2025 13:00:50] [INFO] Loading module: BugReports
[10-11-2025 13:00:50] [INFO] Loaded module "BugReports": src\modules\BugReports
[10-11-2025 13:00:50] [INFO] Loading module: BugReports
[10-11-2025 13:00:50] [INFO] Loaded module "BugReports": src\modules\BugReports
[10-11-2025 13:00:50] [INFO] Client ready! Signed in as GitCord#9326!
[10-11-2025 13:00:50] [INFO] API running at http://localhost:3144
[10-11-2025 13:00:54] [INFO] Loading module: BugReports
[10-11-2025 13:00:54] [INFO] Loaded module "BugReports": src\modules\BugReports
[10-11-2025 13:00:54] [INFO] Loading module: BugReports
[10-11-2025 13:00:54] [INFO] Loaded module "BugReports": src\modules\BugReports
[10-11-2025 13:00:54] [INFO] Client ready! Signed in as GitCord#9326!
[10-11-2025 13:00:54] [INFO] API running at http://localhost:3144
[10-11-2025 13:03:28] [INFO] Loading module: BugReports
[10-11-2025 13:03:28] [INFO] Loaded module "BugReports": src\modules\BugReports
[10-11-2025 13:03:28] [INFO] Loading module: BugReports
[10-11-2025 13:03:28] [INFO] Loaded module "BugReports": src\modules\BugReports
[10-11-2025 13:03:28] [INFO] Client ready! Signed in as GitCord#9326!
[10-11-2025 13:03:28] [INFO] API running at http://localhost:3144
[10-11-2025 13:04:13] [INFO] Loading module: BugReports
[10-11-2025 13:04:13] [INFO] Loaded module "BugReports": src\modules\BugReports
[10-11-2025 13:04:13] [INFO] Loading module: BugReports
[10-11-2025 13:04:13] [INFO] Loaded module "BugReports": src\modules\BugReports
[10-11-2025 13:04:13] [INFO] Client ready! Signed in as GitCord#9326!
[10-11-2025 13:04:13] [INFO] API running at http://localhost:3144
[10-11-2025 13:04:19] [INFO] Loading module: BugReports
[10-11-2025 13:04:19] [INFO] Loaded module "BugReports": src\modules\BugReports
[10-11-2025 13:04:19] [INFO] Loading module: BugReports
[10-11-2025 13:04:19] [INFO] Loaded module "BugReports": src\modules\BugReports
[10-11-2025 13:04:19] [INFO] Client ready! Signed in as GitCord#9326!
[10-11-2025 13:04:19] [INFO] API running at http://localhost:3144
[10-11-2025 13:05:02] [INFO] Loading module: BugReports
[10-11-2025 13:05:02] [INFO] Loaded module "BugReports": src\modules\BugReports
[10-11-2025 13:05:02] [INFO] Loading module: BugReports
[10-11-2025 13:05:02] [INFO] API running at http://localhost:3144
[10-11-2025 13:05:02] [INFO] Loaded module "BugReports": src\modules\BugReports
[10-11-2025 13:05:02] [INFO] Client ready! Signed in as GitCord#9326!
[10-11-2025 13:06:00] [INFO] Loading module: BugReports
[10-11-2025 13:06:00] [INFO] Loaded module "BugReports": src\modules\BugReports
[10-11-2025 13:06:00] [INFO] Loading module: BugReports
[10-11-2025 13:06:00] [INFO] Loaded module "BugReports": src\modules\BugReports
[10-11-2025 13:06:00] [INFO] Client ready! Signed in as GitCord#9326!
[10-11-2025 13:06:00] [INFO] API running at http://localhost:3144
[10-11-2025 13:08:53] [INFO] Loading module: BugReports
[10-11-2025 13:08:53] [INFO] Loaded module "BugReports": src\modules\BugReports
[10-11-2025 13:08:53] [INFO] Loading module: BugReports
[10-11-2025 13:08:53] [INFO] API running at http://localhost:3144
[10-11-2025 13:09:32] [INFO] Loading module: BugReports
[10-11-2025 13:09:32] [INFO] Loaded module "BugReports": src\modules\BugReports
[10-11-2025 13:09:32] [INFO] Loading module: BugReports
[10-11-2025 13:09:32] [INFO] Loaded module "BugReports": src\modules\BugReports
[10-11-2025 13:09:32] [INFO] Client ready! Signed in as GitCord#9326!
[10-11-2025 13:09:32] [INFO] API running at http://localhost:3144
[10-11-2025 13:10:28] [INFO] Loading module: BugReports
[10-11-2025 13:10:28] [INFO] Loaded module "BugReports": src\modules\BugReports
[10-11-2025 13:10:28] [INFO] Loading module: BugReports
[10-11-2025 13:10:28] [INFO] Loaded module "BugReports": src\modules\BugReports
[10-11-2025 13:10:28] [INFO] Client ready! Signed in as GitCord#9326!
[10-11-2025 13:10:28] [INFO] API running at http://localhost:3144
[10-11-2025 13:11:17] [INFO] Loading module: BugReports
[10-11-2025 13:11:17] [INFO] Loaded module "BugReports": src\modules\BugReports
[10-11-2025 13:11:17] [INFO] Loading module: BugReports
[10-11-2025 13:11:17] [INFO] Loaded module "BugReports": src\modules\BugReports
[10-11-2025 13:11:17] [INFO] Client ready! Signed in as GitCord#9326!
[10-11-2025 13:11:17] [INFO] API running at http://localhost:3144
[10-11-2025 13:11:34] [INFO] Loading module: BugReports
[10-11-2025 13:11:34] [INFO] Loaded module "BugReports": src\modules\BugReports
[10-11-2025 13:11:34] [INFO] Loading module: BugReports
[10-11-2025 13:11:34] [INFO] Loaded module "BugReports": src\modules\BugReports
[10-11-2025 13:11:34] [INFO] Client ready! Signed in as GitCord#9326!
[10-11-2025 13:11:34] [INFO] API running at http://localhost:3144
[10-11-2025 13:16:00] [INFO] Loading module: BugReports
[10-11-2025 13:16:00] [INFO] Loaded module "BugReports": src\modules\BugReports
[10-11-2025 13:16:00] [INFO] Loading module: BugReports
[10-11-2025 13:16:00] [INFO] Loaded module "BugReports": src\modules\BugReports
[10-11-2025 13:16:00] [INFO] Client ready! Signed in as GitCord#9326!
[10-11-2025 13:16:00] [INFO] API running at http://localhost:3144
[10-11-2025 13:16:04] [INFO] Loading module: BugReports
[10-11-2025 13:16:04] [INFO] Loaded module "BugReports": src\modules\BugReports
[10-11-2025 13:16:04] [INFO] Loading module: BugReports
[10-11-2025 13:16:04] [INFO] Loaded module "BugReports": src\modules\BugReports
[10-11-2025 13:16:04] [INFO] Client ready! Signed in as GitCord#9326!
[10-11-2025 13:16:04] [INFO] API running at http://localhost:3144
[10-11-2025 13:16:14] [INFO] Loading module: BugReports
[10-11-2025 13:16:14] [INFO] Loaded module "BugReports": src\modules\BugReports
[10-11-2025 13:16:14] [INFO] Loading module: BugReports
[10-11-2025 13:16:14] [INFO] Loaded module "BugReports": src\modules\BugReports
[10-11-2025 13:16:14] [INFO] Client ready! Signed in as GitCord#9326!
[10-11-2025 13:16:14] [INFO] API running at http://localhost:3144
[10-11-2025 13:16:38] [INFO] Loading module: BugReports
[10-11-2025 13:16:38] [INFO] Loaded module "BugReports": src\modules\BugReports
[10-11-2025 13:16:38] [INFO] Loading module: BugReports
[10-11-2025 13:16:38] [INFO] Loaded module "BugReports": src\modules\BugReports
[10-11-2025 13:16:38] [INFO] Client ready! Signed in as GitCord#9326!
[10-11-2025 13:16:38] [INFO] API running at http://localhost:3144
[10-11-2025 13:16:42] [INFO] Loading module: BugReports
[10-11-2025 13:16:42] [INFO] Loaded module "BugReports": src\modules\BugReports
[10-11-2025 13:16:42] [INFO] Loading module: BugReports
[10-11-2025 13:16:42] [INFO] Loaded module "BugReports": src\modules\BugReports
[10-11-2025 13:16:42] [INFO] Client ready! Signed in as GitCord#9326!
[10-11-2025 13:16:42] [INFO] API running at http://localhost:3144
[10-11-2025 13:17:16] [INFO] Loading module: BugReports
[10-11-2025 13:17:16] [INFO] Loaded module "BugReports": src\modules\BugReports
[10-11-2025 13:17:16] [INFO] Loading module: BugReports
[10-11-2025 13:17:16] [INFO] Loaded module "BugReports": src\modules\BugReports
[10-11-2025 13:17:16] [INFO] Client ready! Signed in as GitCord#9326!
[10-11-2025 13:17:16] [INFO] API running at http://localhost:3144
[10-11-2025 13:18:32] [INFO] Loading module: BugReports
[10-11-2025 13:18:32] [INFO] Loaded module "BugReports": src\modules\BugReports
[10-11-2025 13:18:32] [INFO] Loading module: BugReports
[10-11-2025 13:18:32] [INFO] Loaded module "BugReports": src\modules\BugReports
[10-11-2025 13:18:32] [INFO] Client ready! Signed in as GitCord#9326!
[10-11-2025 13:18:32] [INFO] API running at http://localhost:3144
[10-11-2025 13:18:40] [INFO] Loading module: BugReports
[10-11-2025 13:18:40] [INFO] Loaded module "BugReports": src\modules\BugReports
[10-11-2025 13:18:40] [INFO] Loading module: BugReports
[10-11-2025 13:18:40] [INFO] Loaded module "BugReports": src\modules\BugReports
[10-11-2025 13:18:40] [INFO] Client ready! Signed in as GitCord#9326!
[10-11-2025 13:18:40] [INFO] API running at http://localhost:3144
[10-11-2025 13:19:20] [INFO] Loading module: BugReports
[10-11-2025 13:19:20] [INFO] Loaded module "BugReports": src\modules\BugReports
[10-11-2025 13:19:20] [INFO] Loading module: BugReports
[10-11-2025 13:19:20] [INFO] Loaded module "BugReports": src\modules\BugReports
[10-11-2025 13:19:20] [INFO] Client ready! Signed in as GitCord#9326!
[10-11-2025 13:19:20] [INFO] API running at http://localhost:3144
[10-11-2025 13:19:30] [INFO] Loading module: BugReports
[10-11-2025 13:19:30] [INFO] Loaded module "BugReports": src\modules\BugReports
[10-11-2025 13:19:30] [INFO] Loading module: BugReports
[10-11-2025 13:19:30] [INFO] Loaded module "BugReports": src\modules\BugReports
[10-11-2025 13:19:30] [INFO] Client ready! Signed in as GitCord#9326!
[10-11-2025 13:19:30] [INFO] API running at http://localhost:3144
[10-11-2025 13:19:34] [INFO] Loading module: BugReports
[10-11-2025 13:19:34] [INFO] Loaded module "BugReports": src\modules\BugReports
[10-11-2025 13:19:34] [INFO] Loading module: BugReports
[10-11-2025 13:19:34] [INFO] Loaded module "BugReports": src\modules\BugReports
[10-11-2025 13:19:34] [INFO] Client ready! Signed in as GitCord#9326!
[10-11-2025 13:19:34] [INFO] API running at http://localhost:3144
[10-11-2025 13:19:40] [INFO] Loading module: BugReports
[10-11-2025 13:19:40] [INFO] Loaded module "BugReports": src\modules\BugReports
[10-11-2025 13:19:40] [INFO] Loading module: BugReports
[10-11-2025 13:19:40] [INFO] Loaded module "BugReports": src\modules\BugReports
[10-11-2025 13:19:40] [INFO] Client ready! Signed in as GitCord#9326!
[10-11-2025 13:19:40] [INFO] API running at http://localhost:3144
[10-11-2025 13:21:03] [INFO] Loading module: BugReports
[10-11-2025 13:21:03] [INFO] Loaded module "BugReports": src\modules\BugReports
[10-11-2025 13:21:03] [INFO] Loading module: BugReports
[10-11-2025 13:21:03] [INFO] Loaded module "BugReports": src\modules\BugReports
[10-11-2025 13:21:03] [INFO] Client ready! Signed in as GitCord#9326!
[10-11-2025 13:21:03] [INFO] API running at http://localhost:3144
[10-11-2025 13:22:10] [INFO] Loading module: BugReports
[10-11-2025 13:22:10] [INFO] Loaded module "BugReports": src\modules\BugReports
[10-11-2025 13:22:10] [INFO] Loading module: BugReports
[10-11-2025 13:22:10] [INFO] Loaded module "BugReports": src\modules\BugReports
[10-11-2025 13:22:10] [INFO] Client ready! Signed in as GitCord#9326!
[10-11-2025 13:22:10] [INFO] API running at http://localhost:3144
[10-11-2025 13:22:13] [INFO] Loading module: BugReports
[10-11-2025 13:22:13] [INFO] Loaded module "BugReports": src\modules\BugReports
[10-11-2025 13:22:13] [INFO] Loading module: BugReports
[10-11-2025 13:22:13] [INFO] Loaded module "BugReports": src\modules\BugReports
[10-11-2025 13:22:13] [INFO] Client ready! Signed in as GitCord#9326!
[10-11-2025 13:22:13] [INFO] API running at http://localhost:3144
[10-11-2025 13:23:20] [INFO] Loading module: BugReports
[10-11-2025 13:23:20] [INFO] Loaded module "BugReports": src\modules\BugReports
[10-11-2025 13:23:20] [INFO] Loading module: BugReports
[10-11-2025 13:23:20] [INFO] Loaded module "BugReports": src\modules\BugReports
[10-11-2025 13:23:20] [INFO] Client ready! Signed in as GitCord#9326!
[10-11-2025 13:23:20] [INFO] API running at http://localhost:3144
[10-11-2025 13:23:23] [INFO] Loading module: BugReports
[10-11-2025 13:23:23] [INFO] Loaded module "BugReports": src\modules\BugReports
[10-11-2025 13:23:23] [INFO] Loading module: BugReports
[10-11-2025 13:23:23] [INFO] Loaded module "BugReports": src\modules\BugReports
[10-11-2025 13:23:23] [INFO] Client ready! Signed in as GitCord#9326!
[10-11-2025 13:23:23] [INFO] API running at http://localhost:3144
[10-11-2025 13:23:29] [INFO] Loading module: BugReports
[10-11-2025 13:23:29] [INFO] Loaded module "BugReports": src\modules\BugReports
[10-11-2025 13:23:29] [INFO] Loading module: BugReports
[10-11-2025 13:23:29] [INFO] Loaded module "BugReports": src\modules\BugReports
[10-11-2025 13:23:29] [INFO] Client ready! Signed in as GitCord#9326!
[10-11-2025 13:23:29] [INFO] API running at http://localhost:3144
[10-11-2025 13:23:38] [INFO] Loading module: BugReports
[10-11-2025 13:23:38] [INFO] Loaded module "BugReports": src\modules\BugReports
[10-11-2025 13:23:38] [INFO] Loading module: BugReports
[10-11-2025 13:23:38] [INFO] Loaded module "BugReports": src\modules\BugReports
[10-11-2025 13:23:38] [INFO] Client ready! Signed in as GitCord#9326!
[10-11-2025 13:23:38] [INFO] API running at http://localhost:3144
[10-11-2025 13:23:40] [INFO] Loading module: BugReports
[10-11-2025 13:23:40] [INFO] Loaded module "BugReports": src\modules\BugReports
[10-11-2025 13:23:40] [INFO] Loading module: BugReports
[10-11-2025 13:23:40] [INFO] Loaded module "BugReports": src\modules\BugReports
[10-11-2025 13:23:40] [INFO] Client ready! Signed in as GitCord#9326!
[10-11-2025 13:23:40] [INFO] API running at http://localhost:3144
[10-11-2025 13:24:11] [INFO] Loading module: BugReports
[10-11-2025 13:24:11] [INFO] Loaded module "BugReports": src\modules\BugReports
[10-11-2025 13:24:11] [INFO] Loading module: BugReports
[10-11-2025 13:24:11] [INFO] Loaded module "BugReports": src\modules\BugReports
[10-11-2025 13:24:11] [INFO] Client ready! Signed in as GitCord#9326!
[10-11-2025 13:24:11] [INFO] API running at http://localhost:3144
[10-11-2025 13:24:29] [INFO] Loading module: BugReports
[10-11-2025 13:24:29] [INFO] Loaded module "BugReports": src\modules\BugReports
[10-11-2025 13:24:29] [INFO] Loading module: BugReports
[10-11-2025 13:24:29] [INFO] Loaded module "BugReports": src\modules\BugReports
[10-11-2025 13:24:29] [INFO] Client ready! Signed in as GitCord#9326!
[10-11-2025 13:24:29] [INFO] API running at http://localhost:3144
[10-11-2025 13:25:24] [INFO] Loading module: BugReports
[10-11-2025 13:25:24] [INFO] Loaded module "BugReports": src\modules\BugReports
[10-11-2025 13:25:24] [INFO] Loading module: BugReports
[10-11-2025 13:25:24] [INFO] Loaded module "BugReports": src\modules\BugReports
[10-11-2025 13:25:24] [INFO] Client ready! Signed in as GitCord#9326!
[10-11-2025 13:25:24] [INFO] API running at http://localhost:3144
[10-11-2025 13:26:20] [INFO] Loading module: BugReports
[10-11-2025 13:26:20] [INFO] Loaded module "BugReports": src\modules\BugReports
[10-11-2025 13:26:20] [INFO] Loading module: BugReports
[10-11-2025 13:26:20] [INFO] Loaded module "BugReports": src\modules\BugReports
[10-11-2025 13:26:20] [INFO] Client ready! Signed in as GitCord#9326!
[10-11-2025 13:26:20] [INFO] API running at http://localhost:3144
[10-11-2025 13:26:47] [INFO] Loading module: BugReports
[10-11-2025 13:26:47] [INFO] Loaded module "BugReports": src\modules\BugReports
[10-11-2025 13:26:47] [INFO] Loading module: BugReports
[10-11-2025 13:26:47] [INFO] Loaded module "BugReports": src\modules\BugReports
[10-11-2025 13:26:47] [INFO] Client ready! Signed in as GitCord#9326!
[10-11-2025 13:26:47] [INFO] API running at http://localhost:3144
[10-11-2025 13:27:41] [INFO] Loading module: BugReports
[10-11-2025 13:27:41] [INFO] Loaded module "BugReports": src\modules\BugReports
[10-11-2025 13:27:41] [INFO] Loading module: BugReports
[10-11-2025 13:27:41] [INFO] Loaded module "BugReports": src\modules\BugReports
[10-11-2025 13:27:41] [INFO] Client ready! Signed in as GitCord#9326!
[10-11-2025 13:27:41] [INFO] API running at http://localhost:3144
[10-11-2025 13:27:45] [INFO] Loading module: BugReports
[10-11-2025 13:27:45] [INFO] Loaded module "BugReports": src\modules\BugReports
[10-11-2025 13:27:45] [INFO] Loading module: BugReports
[10-11-2025 13:27:45] [INFO] Loaded module "BugReports": src\modules\BugReports
[10-11-2025 13:27:45] [INFO] Client ready! Signed in as GitCord#9326!
[10-11-2025 13:27:45] [INFO] API running at http://localhost:3144
[10-11-2025 13:28:03] [INFO] Loading module: BugReports
[10-11-2025 13:28:03] [INFO] Loaded module "BugReports": src\modules\BugReports
[10-11-2025 13:28:03] [INFO] Loading module: BugReports
[10-11-2025 13:28:03] [INFO] Loaded module "BugReports": src\modules\BugReports
[10-11-2025 13:28:03] [INFO] Client ready! Signed in as GitCord#9326!
[10-11-2025 13:28:03] [INFO] API running at http://localhost:3144
[10-11-2025 13:29:24] [INFO] Loading module: BugReports
[10-11-2025 13:29:24] [INFO] Loaded module "BugReports": src\modules\BugReports
[10-11-2025 13:29:24] [INFO] Loading module: BugReports
[10-11-2025 13:29:24] [INFO] Loaded module "BugReports": src\modules\BugReports
[10-11-2025 13:29:24] [INFO] Client ready! Signed in as GitCord#9326!
[10-11-2025 13:29:24] [INFO] API running at http://localhost:3144
[10-11-2025 13:33:30] [INFO] Loading module: BugReports
[10-11-2025 13:33:30] [INFO] Loaded module "BugReports": src\modules\BugReports
[10-11-2025 13:33:30] [INFO] Loading module: BugReports
[10-11-2025 13:33:30] [INFO] Loaded module "BugReports": src\modules\BugReports
[10-11-2025 13:33:30] [INFO] Client ready! Signed in as GitCord#9326!
[10-11-2025 13:33:30] [INFO] API running at http://localhost:3144
[10-11-2025 13:36:22] [INFO] Loading module: BugReports
[10-11-2025 13:36:22] [INFO] Loaded module "BugReports": src\modules\BugReports
[10-11-2025 13:36:22] [INFO] Loading module: BugReports
[10-11-2025 13:36:22] [INFO] Loaded module "BugReports": src\modules\BugReports
[10-11-2025 13:36:22] [INFO] Client ready! Signed in as GitCord#9326!
[10-11-2025 13:36:22] [INFO] API running at http://localhost:3144
